<?xml version="1.0" encoding="UTF-8"?>
<testsuite name="springbook.user.v2.dao.ContextTest" tests="3" skipped="0" failures="0" errors="0" timestamp="2025-05-19T07:00:00.010Z" hostname="Mac.wisoft-network" time="0.022">
  <properties/>
  <testcase name="test1()" classname="springbook.user.v2.dao.ContextTest" time="0.02"/>
  <testcase name="test2()" classname="springbook.user.v2.dao.ContextTest" time="0.0"/>
  <testcase name="test3()" classname="springbook.user.v2.dao.ContextTest" time="0.0"/>
  <system-out><![CDATA[]]></system-out>
  <system-err><![CDATA[]]></system-err>
</testsuite>
